<?xml version="1.0" encoding="UTF-8"?>
<!-- Generated by org.testng.reporters.JUnitReportReporter -->
<testsuite hostname="Bharaths-MacBook-Pro.local" failures="0" tests="8" name="testcases.UserTests" time="10.131" errors="0" timestamp="2025-06-24T14:28:55 IST" skipped="0">
  <testcase classname="testcases.UserTests" name="testGetAllUsers" time="1.016"/>
  <testcase classname="testcases.UserTests" name="testGetUsersSorted" time="1.771"/>
  <testcase classname="testcases.UserTests" name="testGetUserById" time="1.291"/>
  <testcase classname="testcases.UserTests" name="testCreateUser" time="0.730"/>
  <testcase classname="testcases.UserTests" name="testUpdateUser" time="1.154"/>
  <testcase classname="testcases.UserTests" name="testGetUsersSortedAsc" time="1.212"/>
  <testcase classname="testcases.UserTests" name="testGetUsersWithLimit" time="1.938"/>
  <testcase classname="testcases.UserTests" name="testDeleteUser" time="1.019"/>
</testsuite> <!-- testcases.UserTests -->
