<?xml version="1.0" encoding="UTF-8"?>
<!-- Generated by org.testng.reporters.JUnitReportReporter -->
<testsuite hostname="Bharaths-MacBook-Pro.local" failures="0" tests="2" name="testcases.LoginTests" time="7.086" errors="0" timestamp="2025-06-24T14:28:55 IST" skipped="0">
  <testcase classname="testcases.LoginTests" name="testInvalidUserLogin" time="5.309"/>
  <testcase classname="testcases.LoginTests" name="testValidUserLogin" time="1.777"/>
</testsuite> <!-- testcases.LoginTests -->
