<?xml version="1.0" encoding="UTF-8"?>
<!-- Generated by org.testng.reporters.JUnitReportReporter -->
<testsuite hostname="Bharaths-MacBook-Pro.local" failures="0" tests="3" name="testcases.SchemaTests" time="3.271" errors="0" timestamp="2025-06-24T14:28:55 IST" skipped="0">
  <testcase classname="testcases.SchemaTests" name="testProductSchema" time="0.717"/>
  <testcase classname="testcases.SchemaTests" name="testUserSchema" time="0.745"/>
  <testcase classname="testcases.SchemaTests" name="testCartSchema" time="1.809"/>
</testsuite> <!-- testcases.SchemaTests -->
