<?xml version="1.0" encoding="UTF-8"?>
<!-- Generated by org.testng.reporters.JUnitReportReporter -->
<testsuite hostname="Bharaths-MacBook-Pro.local" failures="0" tests="5" name="testcases.ProductDataDrivenTest" time="11.340" errors="0" timestamp="2025-06-24T13:50:33 IST" skipped="0">
  <testcase classname="testcases.ProductDataDrivenTest" name="testAddNewProduct" time="2.982"/>
  <testcase classname="testcases.ProductDataDrivenTest" name="testAddNewProduct" time="1.875"/>
  <testcase classname="testcases.ProductDataDrivenTest" name="testAddNewProduct" time="2.936"/>
  <testcase classname="testcases.ProductDataDrivenTest" name="testAddNewProduct" time="1.921"/>
  <testcase classname="testcases.ProductDataDrivenTest" name="testAddNewProduct" time="1.626"/>
</testsuite> <!-- testcases.ProductDataDrivenTest -->
