<?xml version="1.0" encoding="UTF-8"?>
<!-- Generated by org.testng.reporters.JUnitReportReporter -->
<testsuite hostname="Bharaths-MacBook-Pro.local" failures="0" tests="10" name="testcases.ProductTests" time="9.766" errors="0" timestamp="2025-06-24T14:28:55 IST" skipped="0">
  <testcase classname="testcases.ProductTests" name="testGetSingleProductById" time="1.307"/>
  <testcase classname="testcases.ProductTests" name="testUpdateProduct" time="1.247"/>
  <testcase classname="testcases.ProductTests" name="testGetAllProducts" time="1.434"/>
  <testcase classname="testcases.ProductTests" name="testDeleteProduct" time="1.019"/>
  <testcase classname="testcases.ProductTests" name="testAddNewProduct" time="0.466"/>
  <testcase classname="testcases.ProductTests" name="testGetAllCategories" time="0.566"/>
  <testcase classname="testcases.ProductTests" name="testGetSortedProducts" time="1.247"/>
  <testcase classname="testcases.ProductTests" name="testGetSortedProductsAsc" time="0.832"/>
  <testcase classname="testcases.ProductTests" name="testGetLimitedProducts" time="0.796"/>
  <testcase classname="testcases.ProductTests" name="testGetProductsByCategory" time="0.852"/>
</testsuite> <!-- testcases.ProductTests -->
